<?xml version="1.0" encoding="UTF-8"?>
<!-- Generated by org.testng.reporters.JUnitXMLReporter -->
<testsuite ignored="2" hostname="Venu" failures="0" tests="2" name="Test" time="0.049" errors="0" timestamp="2024-06-10T19:49:40 IST">
  <testcase classname="Testng.Car" name="carModel" time="0.007"/>
  <testcase classname="Testng.Firsttest" name="secondMethod" time="0.001"/>
  <testcase classname="Testng.Car" name="carCost" time="0.0">
    <ignored/>
  </testcase> <!-- carCost -->
  <testcase classname="Testng.Firsttest" name="firstMethod" time="0.0">
    <ignored/>
  </testcase> <!-- firstMethod -->
</testsuite> <!-- Test -->
