<?xml version="1.0" encoding="UTF-8"?>
<testng-results ignored="0" total="2" passed="2" failed="0" skipped="0">
  <reporter-output>
  </reporter-output>
  <suite started-at="2024-06-11T08:59:10 IST" name="Default suite" finished-at="2024-06-11T08:59:10 IST" duration-ms="58">
    <groups>
    </groups>
    <test started-at="2024-06-11T08:59:10 IST" name="Default test" finished-at="2024-06-11T08:59:10 IST" duration-ms="58">
      <class name="Testng.Firsttest">
        <test-method signature="secondMethod()[pri:0, instance:Testng.Firsttest@3ee37e5a]" started-at="2024-06-11T08:59:10 IST" name="secondMethod" finished-at="2024-06-11T08:59:10 IST" duration-ms="7" status="PASS">
          <reporter-output>
          </reporter-output>
        </test-method> <!-- secondMethod -->
        <test-method signature="firstMethod()[pri:0, instance:Testng.Firsttest@3ee37e5a]" started-at="2024-06-11T08:59:10 IST" name="firstMethod" finished-at="2024-06-11T08:59:10 IST" depends-on-methods="Testng.Firsttest.secondMethod" duration-ms="3" status="PASS">
          <reporter-output>
          </reporter-output>
        </test-method> <!-- firstMethod -->
      </class> <!-- Testng.Firsttest -->
    </test> <!-- Default test -->
  </suite> <!-- Default suite -->
</testng-results>
